Arguments: 
  /usr/local/bin/node /usr/local/Cellar/yarn/1.22.0/libexec/bin/yarn.js dev

PATH: 
  /Library/Frameworks/Python.framework/Versions/3.8/bin:/usr/local/bin:/usr/bin:/bin:/usr/sbin:/sbin

Yarn version: 
  1.22.0

Node version: 
  10.19.0

Platform: 
  darwin x64

Trace: 
  SyntaxError: /Users/agangdut/Desktop/ThenewGhost/content/themes/Diaspora/package.json: Unexpected string in JSON at position 25
      at JSON.parse (<anonymous>)
      at /usr/local/Cellar/yarn/1.22.0/libexec/lib/cli.js:1625:59
      at Generator.next (<anonymous>)
      at step (/usr/local/Cellar/yarn/1.22.0/libexec/lib/cli.js:310:30)
      at /usr/local/Cellar/yarn/1.22.0/libexec/lib/cli.js:321:13

npm manifest: 
  {
    "name": "diaspora"
    "description": "The offical Diaspora theme created by Agang Dut with the header blog post, the featured post and other seperated blog post by groups"
    "version": "1.0.0"
    "engines": {
      "ghost": ">=3.0.0"
      "ghost-api": "v3"
    }
    "author": {
      "name": "Agang Dut"
      "email": "agangdut@gmail.com"
    }
    "config": {
      "post_per_page": 3
    }
  }

yarn manifest: 
  No manifest

Lockfile: 
  No lockfile
